<?xml version="1.0" encoding="UTF-8"?>
<testng-results ignored="0" total="1" passed="1" failed="0" skipped="0">
  <reporter-output>
    <line>
      <![CDATA[Driver for Screenshot: ChromeDriver: chrome on WINDOWS (4cdadc034128a391990b189829a2e649)]]>
    </line>
    <line>
      <![CDATA[Screenshot taken current URL: https://www.simplilearn.com/secure/checkout/details?authtoken=d96d52472460d14add40115904a5ed5ea3df5c6bb13908e1e09e382c2d7fdaab]]>
    </line>
    <line>
      <![CDATA[Driver for Screenshot: ChromeDriver: chrome on WINDOWS (7f8d5d6443f55f9f13bf3ae547cb4493)]]>
    </line>
    <line>
      <![CDATA[Screenshot taken current URL: https://www.simplilearn.com/secure/checkout/details?authtoken=ddd873ac956e64aeb3aa6b90b99e3034f6ec573c6c4df4f40857222d041e4060]]>
    </line>
  </reporter-output>
  <suite started-at="2023-06-13T22:04:26 ICT" name="Default suite" finished-at="2023-06-13T22:09:23 ICT" duration-ms="297357">
    <groups>
    </groups>
    <test started-at="2023-06-13T22:04:26 ICT" name="Default test" finished-at="2023-06-13T22:09:23 ICT" duration-ms="297357">
      <class name="executionEngine.ExecutionEngine">
        <test-method signature="Apply_Course()[pri:4, instance:executionEngine.ExecutionEngine@694abbdc]" started-at="2023-06-13T22:04:27 ICT" name="Apply_Course" description="Enroll_course page" finished-at="2023-06-13T22:09:23 ICT" duration-ms="295881" status="PASS">
          <reporter-output>
            <line>
              <![CDATA[Driver for Screenshot: ChromeDriver: chrome on WINDOWS (4cdadc034128a391990b189829a2e649)]]>
            </line>
            <line>
              <![CDATA[Screenshot taken current URL: https://www.simplilearn.com/secure/checkout/details?authtoken=d96d52472460d14add40115904a5ed5ea3df5c6bb13908e1e09e382c2d7fdaab]]>
            </line>
            <line>
              <![CDATA[Driver for Screenshot: ChromeDriver: chrome on WINDOWS (7f8d5d6443f55f9f13bf3ae547cb4493)]]>
            </line>
            <line>
              <![CDATA[Screenshot taken current URL: https://www.simplilearn.com/secure/checkout/details?authtoken=ddd873ac956e64aeb3aa6b90b99e3034f6ec573c6c4df4f40857222d041e4060]]>
            </line>
          </reporter-output>
        </test-method> <!-- Apply_Course -->
      </class> <!-- executionEngine.ExecutionEngine -->
    </test> <!-- Default test -->
  </suite> <!-- Default suite -->
</testng-results>
